<?xml version="1.0" encoding="UTF-8"?>
<!-- Generated by org.testng.reporters.JUnitXMLReporter -->
<testsuite hostname="Karim-PC" name="Default test" tests="1" failures="0" timestamp="13 Jan 2018 07:58:38 GMT" time="0.047" errors="0">
  <testcase name="@BeforeSuite beforeSuite" time="0.0" classname="testcases.RunScripts">
    <failure type="java.io.FileNotFoundException" message=".\common\object.properties (The system cannot find the path specified)">
      <![CDATA[java.io.FileNotFoundException: .\common\object.properties (The system cannot find the path specified)
	at java.io.FileInputStream.open(Native Method)
	at java.io.FileInputStream.<init>(Unknown Source)
	at wrappers.GenericWrappers.loadObjects(GenericWrappers.java:435)
	at wrappers.LinkedInWrappers.beforeSuite(LinkedInWrappers.java:28)
	at sun.reflect.NativeMethodAccessorImpl.invoke0(Native Method)
	at sun.reflect.NativeMethodAccessorImpl.invoke(Unknown Source)
	at sun.reflect.DelegatingMethodAccessorImpl.invoke(Unknown Source)
	at java.lang.reflect.Method.invoke(Unknown Source)
	at org.testng.internal.MethodInvocationHelper.invokeMethod(MethodInvocationHelper.java:80)
	at org.testng.internal.Invoker.invokeConfigurationMethod(Invoker.java:564)
	at org.testng.internal.Invoker.invokeConfigurations(Invoker.java:213)
	at org.testng.internal.Invoker.invokeConfigurations(Invoker.java:138)
	at org.testng.SuiteRunner.privateRun(SuiteRunner.java:277)
	at org.testng.SuiteRunner.run(SuiteRunner.java:240)
	at org.testng.SuiteRunnerWorker.runSuite(SuiteRunnerWorker.java:52)
	at org.testng.SuiteRunnerWorker.run(SuiteRunnerWorker.java:86)
	at org.testng.TestNG.runSuitesSequentially(TestNG.java:1198)
	at org.testng.TestNG.runSuitesLocally(TestNG.java:1123)
	at org.testng.TestNG.run(TestNG.java:1031)
	at org.testng.remote.AbstractRemoteTestNG.run(AbstractRemoteTestNG.java:114)
	at org.testng.remote.RemoteTestNG.initAndRun(RemoteTestNG.java:251)
	at org.testng.remote.RemoteTestNG.main(RemoteTestNG.java:77)
]]>
    </failure>
  </testcase> <!-- @BeforeSuite beforeSuite -->
  <testcase name="@BeforeTest beforeTest" time="0.0" classname="testcases.RunScripts">
    <skipped/>
  </testcase> <!-- @BeforeTest beforeTest -->
  <testcase name="@BeforeClass startTestCase" time="0.0" classname="testcases.RunScripts">
    <skipped/>
  </testcase> <!-- @BeforeClass startTestCase -->
  <testcase name="@BeforeMethod beforeMethod" time="0.0" classname="testcases.RunScripts">
    <skipped/>
  </testcase> <!-- @BeforeMethod beforeMethod -->
  <testcase name="@AfterMethod afterMethod" time="0.0" classname="testcases.RunScripts">
    <skipped/>
  </testcase> <!-- @AfterMethod afterMethod -->
  <testcase name="@AfterTest afterTest" time="0.0" classname="testcases.RunScripts">
    <skipped/>
  </testcase> <!-- @AfterTest afterTest -->
  <testcase name="runScripts" time="0.0" classname="testcases.RunScripts">
    <skipped/>
  </testcase> <!-- runScripts -->
</testsuite> <!-- Default test -->
